<?xml version="1.0" encoding="UTF-8"?>
<!-- Generated by org.testng.reporters.JUnitXMLReporter -->
<testsuite ignored="0" hostname="Kanimozhi" failures="0" tests="2" name="sample" time="13.056" errors="0" timestamp="05 Oct 2023 05:58:00 GMT">
  <testcase classname="com.Runnerclass2.Amazon_Flipkart" name="@BeforeClass beforeClass" time="0.127">
    <failure type="java.lang.AssertionError" message="expected:&amp;lt;https://www.flipkart.com/search&amp;gt; but was:&amp;lt;https://www.amazon.in/&amp;gt;">
      <![CDATA[java.lang.AssertionError: expected:<https://www.flipkart.com/search> but was:<https://www.amazon.in/>
	at com.Runnerclass2.Amazon_Flipkart.beforeClass(Amazon_Flipkart.java:42)
	at java.base/java.util.concurrent.ThreadPoolExecutor.runWorker(ThreadPoolExecutor.java:1136)
	at java.base/java.util.concurrent.ThreadPoolExecutor$Worker.run(ThreadPoolExecutor.java:635)
	at java.base/java.lang.Thread.run(Thread.java:833)
... Removed 12 stack frames]]>
    </failure>
  </testcase> <!-- @BeforeClass beforeClass -->
  <testcase classname="com.Runnerclass2.Amazon_Flipkart" name="@BeforeMethod beforeMethod" time="0.0">
    <skipped/>
  </testcase> <!-- @BeforeMethod beforeMethod -->
  <testcase classname="com.Runnerclass2.Amazon_Flipkart" name="@AfterClass getatitle" time="0.0">
    <skipped/>
  </testcase> <!-- @AfterClass getatitle -->
  <testcase classname="com.Runnerclass2.Amazon_Flipkart" name="@AfterTest afterTest" time="0.0">
    <skipped/>
  </testcase> <!-- @AfterTest afterTest -->
  <testcase classname="com.Runnerclass2.Flipkart" name="@AfterTest afterTest" time="0.0">
    <skipped/>
  </testcase> <!-- @AfterTest afterTest -->
  <testcase classname="com.Runnerclass2.Amazon_Flipkart" name="AmazonPage" time="0.0">
    <skipped/>
  </testcase> <!-- AmazonPage -->
  <testcase classname="com.Runnerclass2.Flipkart" name="Flipkart" time="8.627"/>
</testsuite> <!-- sample -->
